<?xml version="1.0" encoding="UTF-8"?>
<testng-results ignored="0" total="1" passed="1" failed="0" skipped="0">
  <reporter-output>
  </reporter-output>
  <suite started-at="2020-03-12T19:12:21 IST" name="Default suite" finished-at="2020-03-12T19:12:41 IST" duration-ms="19508">
    <groups>
    </groups>
    <test started-at="2020-03-12T19:12:21 IST" name="Default test" finished-at="2020-03-12T19:12:41 IST" duration-ms="19508">
      <class name="com.atmecs.demosite.homepage.Homepage">
        <test-method is-config="true" signature="Launch()[pri:0, instance:com.atmecs.demosite.homepage.Homepage@7692d9cc]" started-at="2020-03-12T19:12:21 IST" name="Launch" finished-at="2020-03-12T19:12:40 IST" duration-ms="18619" status="PASS">
          <reporter-output>
          </reporter-output>
        </test-method> <!-- Launch -->
        <test-method signature="homePage()[pri:0, instance:com.atmecs.demosite.homepage.Homepage@7692d9cc]" started-at="2020-03-12T19:12:40 IST" name="homePage" finished-at="2020-03-12T19:12:41 IST" duration-ms="854" status="PASS">
          <reporter-output>
          </reporter-output>
        </test-method> <!-- homePage -->
      </class> <!-- com.atmecs.demosite.homepage.Homepage -->
    </test> <!-- Default test -->
  </suite> <!-- Default suite -->
</testng-results>
